<?xml version="1.0" encoding="UTF-8"?>
<!-- Generated by org.testng.reporters.JUnitXMLReporter -->
<testsuite hostname="anils-MBP" ignored="3" name="Default test" tests="1" failures="0" timestamp="2022-07-07T09:29:54 EDT" time="27.446" errors="0">
  <testcase name="alertTesting" time="13.466" classname="task16.SeleniumMethodPractice"/>
  <testcase name="hoverTesting" time="0.0" classname="task16.SeleniumMethodPractice">
    <ignored/>
  </testcase> <!-- hoverTesting -->
  <testcase name="dropdownTest" time="0.0" classname="task16.SeleniumMethodPractice">
    <ignored/>
  </testcase> <!-- dropdownTest -->
  <testcase name="navigateTesting" time="0.0" classname="task16.SeleniumMethodPractice">
    <ignored/>
  </testcase> <!-- navigateTesting -->
</testsuite> <!-- Default test -->
