<?xml version="1.0" encoding="UTF-8"?>
<testng-results skipped="0" failed="0" ignored="0" total="1" passed="1">
  <reporter-output>
  </reporter-output>
  <suite name="Default suite" duration-ms="10079" started-at="2022-06-18T09:22:13 EDT" finished-at="2022-06-18T09:22:23 EDT">
    <groups>
    </groups>
    <test name="Default test" duration-ms="10079" started-at="2022-06-18T09:22:13 EDT" finished-at="2022-06-18T09:22:23 EDT">
      <class name="seleniumMetohds.B_use_of_get_method">
        <test-method status="PASS" signature="setUp()[pri:0, instance:seleniumMetohds.B_use_of_get_method@42eca56e]" name="setUp" is-config="true" duration-ms="9901" started-at="2022-06-18T09:22:13 EDT" finished-at="2022-06-18T09:22:22 EDT">
          <reporter-output>
          </reporter-output>
        </test-method> <!-- setUp -->
        <test-method status="PASS" signature="loginButtonTest()[pri:0, instance:seleniumMetohds.B_use_of_get_method@42eca56e]" name="loginButtonTest" duration-ms="139" started-at="2022-06-18T09:22:22 EDT" finished-at="2022-06-18T09:22:23 EDT">
          <reporter-output>
          </reporter-output>
        </test-method> <!-- loginButtonTest -->
        <test-method status="PASS" signature="tearUp()[pri:0, instance:seleniumMetohds.B_use_of_get_method@42eca56e]" name="tearUp" is-config="true" duration-ms="0" started-at="2022-06-18T09:22:23 EDT" finished-at="2022-06-18T09:22:23 EDT">
          <reporter-output>
          </reporter-output>
        </test-method> <!-- tearUp -->
      </class> <!-- seleniumMetohds.B_use_of_get_method -->
    </test> <!-- Default test -->
  </suite> <!-- Default suite -->
</testng-results>
