<?xml version="1.0" encoding="UTF-8"?>
<testng-results skipped="0" failed="0" ignored="0" total="1" passed="1">
  <reporter-output>
  </reporter-output>
  <suite name="Default suite" duration-ms="12064" started-at="2022-06-29T10:06:23 EDT" finished-at="2022-06-29T10:06:35 EDT">
    <groups>
    </groups>
    <test name="Default test" duration-ms="12064" started-at="2022-06-29T10:06:23 EDT" finished-at="2022-06-29T10:06:35 EDT">
      <class name="Task13.TestNG">
        <test-method status="PASS" signature="usrlSetUp()[pri:0, instance:Task13.TestNG@42eca56e]" name="usrlSetUp" is-config="true" duration-ms="3406" started-at="2022-06-29T10:06:23 EDT" finished-at="2022-06-29T10:06:26 EDT">
          <reporter-output>
          </reporter-output>
        </test-method> <!-- usrlSetUp -->
        <test-method status="PASS" signature="urlTest()[pri:0, instance:Task13.TestNG@42eca56e]" name="urlTest" duration-ms="8457" started-at="2022-06-29T10:06:26 EDT" finished-at="2022-06-29T10:06:35 EDT">
          <reporter-output>
          </reporter-output>
        </test-method> <!-- urlTest -->
        <test-method status="PASS" signature="tearUp()[pri:0, instance:Task13.TestNG@42eca56e]" name="tearUp" is-config="true" duration-ms="168" started-at="2022-06-29T10:06:35 EDT" finished-at="2022-06-29T10:06:35 EDT">
          <reporter-output>
          </reporter-output>
        </test-method> <!-- tearUp -->
      </class> <!-- Task13.TestNG -->
    </test> <!-- Default test -->
  </suite> <!-- Default suite -->
</testng-results>
